Analysis & Synthesis report for RISCV_GOL
Sun Oct 22 22:57:49 2023
Quartus Prime Version 22.1std.2 Build 922 07/20/2023 SC Lite Edition


---------------------
; Table of Contents ;
---------------------
  1. Legal Notice
  2. Analysis & Synthesis Summary
  3. Analysis & Synthesis Settings
  4. Parallel Compilation
  5. Analysis & Synthesis Source Files Read
  6. Analysis & Synthesis Resource Usage Summary
  7. Analysis & Synthesis Resource Utilization by Entity
  8. General Register Statistics
  9. Multiplexer Restructuring Statistics (Restructuring Performed)
 10. Parameter Settings for User Entity Instance: Top-level Entity: |top
 11. Parameter Settings for User Entity Instance: vga:video
 12. Post-Synthesis Netlist Statistics for Top Partition
 13. Elapsed Time Per Partition
 14. Analysis & Synthesis Messages
 15. Analysis & Synthesis Suppressed Messages



----------------
; Legal Notice ;
----------------
Copyright (C) 2023  Intel Corporation. All rights reserved.
Your use of Intel Corporation's design tools, logic functions 
and other software and tools, and any partner logic 
functions, and any output files from any of the foregoing 
(including device programming or simulation files), and any 
associated documentation or information are expressly subject 
to the terms and conditions of the Intel Program License 
Subscription Agreement, the Intel Quartus Prime License Agreement,
the Intel FPGA IP License Agreement, or other applicable license
agreement, including, without limitation, that your use is for
the sole purpose of programming logic devices manufactured by
Intel and sold by Intel or its authorized distributors.  Please
refer to the applicable agreement for further details, at
https://fpgasoftware.intel.com/eula.



+-------------------------------------------------------------------------------------+
; Analysis & Synthesis Summary                                                        ;
+------------------------------------+------------------------------------------------+
; Analysis & Synthesis Status        ; Successful - Sun Oct 22 22:57:48 2023          ;
; Quartus Prime Version              ; 22.1std.2 Build 922 07/20/2023 SC Lite Edition ;
; Revision Name                      ; RISCV_GOL                                      ;
; Top-level Entity Name              ; top                                            ;
; Family                             ; Cyclone IV E                                   ;
; Total logic elements               ; 33,427                                         ;
;     Total combinational functions  ; 16,135                                         ;
;     Dedicated logic registers      ; 17,464                                         ;
; Total registers                    ; 17464                                          ;
; Total pins                         ; 34                                             ;
; Total virtual pins                 ; 0                                              ;
; Total memory bits                  ; 0                                              ;
; Embedded Multiplier 9-bit elements ; 0                                              ;
; Total PLLs                         ; 0                                              ;
+------------------------------------+------------------------------------------------+


+------------------------------------------------------------------------------------------------------------+
; Analysis & Synthesis Settings                                                                              ;
+------------------------------------------------------------------+--------------------+--------------------+
; Option                                                           ; Setting            ; Default Value      ;
+------------------------------------------------------------------+--------------------+--------------------+
; Device                                                           ; EP4CE115F29C7      ;                    ;
; Top-level entity name                                            ; top                ; RISCV_GOL          ;
; Family name                                                      ; Cyclone IV E       ; Cyclone V          ;
; Maximum processors allowed for parallel compilation              ; All                ;                    ;
; Use smart compilation                                            ; Off                ; Off                ;
; Enable parallel Assembler and Timing Analyzer during compilation ; On                 ; On                 ;
; Enable compact report table                                      ; Off                ; Off                ;
; Restructure Multiplexers                                         ; Auto               ; Auto               ;
; Create Debugging Nodes for IP Cores                              ; Off                ; Off                ;
; Preserve fewer node names                                        ; On                 ; On                 ;
; Intel FPGA IP Evaluation Mode                                    ; Enable             ; Enable             ;
; Verilog Version                                                  ; Verilog_2001       ; Verilog_2001       ;
; VHDL Version                                                     ; VHDL_1993          ; VHDL_1993          ;
; State Machine Processing                                         ; Auto               ; Auto               ;
; Safe State Machine                                               ; Off                ; Off                ;
; Extract Verilog State Machines                                   ; On                 ; On                 ;
; Extract VHDL State Machines                                      ; On                 ; On                 ;
; Ignore Verilog initial constructs                                ; Off                ; Off                ;
; Iteration limit for constant Verilog loops                       ; 5000               ; 5000               ;
; Iteration limit for non-constant Verilog loops                   ; 250                ; 250                ;
; Add Pass-Through Logic to Inferred RAMs                          ; On                 ; On                 ;
; Infer RAMs from Raw Logic                                        ; On                 ; On                 ;
; Parallel Synthesis                                               ; On                 ; On                 ;
; DSP Block Balancing                                              ; Auto               ; Auto               ;
; NOT Gate Push-Back                                               ; On                 ; On                 ;
; Power-Up Don't Care                                              ; On                 ; On                 ;
; Remove Redundant Logic Cells                                     ; Off                ; Off                ;
; Remove Duplicate Registers                                       ; On                 ; On                 ;
; Ignore CARRY Buffers                                             ; Off                ; Off                ;
; Ignore CASCADE Buffers                                           ; Off                ; Off                ;
; Ignore GLOBAL Buffers                                            ; Off                ; Off                ;
; Ignore ROW GLOBAL Buffers                                        ; Off                ; Off                ;
; Ignore LCELL Buffers                                             ; Off                ; Off                ;
; Ignore SOFT Buffers                                              ; On                 ; On                 ;
; Limit AHDL Integers to 32 Bits                                   ; Off                ; Off                ;
; Optimization Technique                                           ; Balanced           ; Balanced           ;
; Carry Chain Length                                               ; 70                 ; 70                 ;
; Auto Carry Chains                                                ; On                 ; On                 ;
; Auto Open-Drain Pins                                             ; On                 ; On                 ;
; Perform WYSIWYG Primitive Resynthesis                            ; Off                ; Off                ;
; Auto ROM Replacement                                             ; On                 ; On                 ;
; Auto RAM Replacement                                             ; On                 ; On                 ;
; Auto DSP Block Replacement                                       ; On                 ; On                 ;
; Auto Shift Register Replacement                                  ; Auto               ; Auto               ;
; Allow Shift Register Merging across Hierarchies                  ; Auto               ; Auto               ;
; Auto Clock Enable Replacement                                    ; On                 ; On                 ;
; Strict RAM Replacement                                           ; Off                ; Off                ;
; Allow Synchronous Control Signals                                ; On                 ; On                 ;
; Force Use of Synchronous Clear Signals                           ; Off                ; Off                ;
; Auto RAM Block Balancing                                         ; On                 ; On                 ;
; Auto RAM to Logic Cell Conversion                                ; Off                ; Off                ;
; Auto Resource Sharing                                            ; Off                ; Off                ;
; Allow Any RAM Size For Recognition                               ; Off                ; Off                ;
; Allow Any ROM Size For Recognition                               ; Off                ; Off                ;
; Allow Any Shift Register Size For Recognition                    ; Off                ; Off                ;
; Use LogicLock Constraints during Resource Balancing              ; On                 ; On                 ;
; Ignore translate_off and synthesis_off directives                ; Off                ; Off                ;
; Timing-Driven Synthesis                                          ; On                 ; On                 ;
; Report Parameter Settings                                        ; On                 ; On                 ;
; Report Source Assignments                                        ; On                 ; On                 ;
; Report Connectivity Checks                                       ; On                 ; On                 ;
; Ignore Maximum Fan-Out Assignments                               ; Off                ; Off                ;
; Synchronization Register Chain Length                            ; 2                  ; 2                  ;
; Power Optimization During Synthesis                              ; Normal compilation ; Normal compilation ;
; HDL message level                                                ; Level2             ; Level2             ;
; Suppress Register Optimization Related Messages                  ; Off                ; Off                ;
; Number of Removed Registers Reported in Synthesis Report         ; 5000               ; 5000               ;
; Number of Swept Nodes Reported in Synthesis Report               ; 5000               ; 5000               ;
; Number of Inverted Registers Reported in Synthesis Report        ; 100                ; 100                ;
; Clock MUX Protection                                             ; On                 ; On                 ;
; Auto Gated Clock Conversion                                      ; Off                ; Off                ;
; Block Design Naming                                              ; Auto               ; Auto               ;
; SDC constraint protection                                        ; Off                ; Off                ;
; Synthesis Effort                                                 ; Auto               ; Auto               ;
; Shift Register Replacement - Allow Asynchronous Clear Signal     ; On                 ; On                 ;
; Pre-Mapping Resynthesis Optimization                             ; Off                ; Off                ;
; Analysis & Synthesis Message Level                               ; Medium             ; Medium             ;
; Disable Register Merging Across Hierarchies                      ; Auto               ; Auto               ;
; Resource Aware Inference For Block RAM                           ; On                 ; On                 ;
+------------------------------------------------------------------+--------------------+--------------------+


+------------------------------------------+
; Parallel Compilation                     ;
+----------------------------+-------------+
; Processors                 ; Number      ;
+----------------------------+-------------+
; Number detected on machine ; 4           ;
; Maximum allowed            ; 4           ;
;                            ;             ;
; Average used               ; 1.01        ;
; Maximum used               ; 4           ;
;                            ;             ;
; Usage by Processor         ; % Time Used ;
;     Processor 1            ; 100.0%      ;
;     Processor 2            ;   0.3%      ;
;     Processor 3            ;   0.2%      ;
;     Processor 4            ;   0.2%      ;
+----------------------------+-------------+


+--------------------------------------------------------------------------------------------------------------------------------------------------------------------+
; Analysis & Synthesis Source Files Read                                                                                                                             ;
+----------------------------------+-----------------+---------------------------------------+-------------------------------------------------------------+---------+
; File Name with User-Entered Path ; Used in Netlist ; File Type                             ; File Name with Absolute Path                                ; Library ;
+----------------------------------+-----------------+---------------------------------------+-------------------------------------------------------------+---------+
; imem.hex                         ; yes             ; User Hexadecimal (Intel-Format) File  ; /home/martins/Documents/BUILD-RISC-V/RISCV_GOL/imem.hex     ;         ;
; mem.v                            ; yes             ; User Verilog HDL File                 ; /home/martins/Documents/BUILD-RISC-V/RISCV_GOL/mem.v        ;         ;
; CPU_RISCV.sv                     ; yes             ; User SystemVerilog HDL File           ; /home/martins/Documents/BUILD-RISC-V/RISCV_GOL/CPU_RISCV.sv ;         ;
; vga.v                            ; yes             ; User Verilog HDL File                 ; /home/martins/Documents/BUILD-RISC-V/RISCV_GOL/vga.v        ;         ;
; top.sv                           ; yes             ; User SystemVerilog HDL File           ; /home/martins/Documents/BUILD-RISC-V/RISCV_GOL/top.sv       ;         ;
; dmem.hex                         ; yes             ; User Hexadecimal (Intel-Format) File  ; /home/martins/Documents/BUILD-RISC-V/RISCV_GOL/dmem.hex     ;         ;
+----------------------------------+-----------------+---------------------------------------+-------------------------------------------------------------+---------+


+------------------------------------------------------------+
; Analysis & Synthesis Resource Usage Summary                ;
+---------------------------------------------+--------------+
; Resource                                    ; Usage        ;
+---------------------------------------------+--------------+
; Estimated Total logic elements              ; 33,427       ;
;                                             ;              ;
; Total combinational functions               ; 16135        ;
; Logic element usage by number of LUT inputs ;              ;
;     -- 4 input functions                    ; 15024        ;
;     -- 3 input functions                    ; 941          ;
;     -- <=2 input functions                  ; 170          ;
;                                             ;              ;
; Logic elements by mode                      ;              ;
;     -- normal mode                          ; 15953        ;
;     -- arithmetic mode                      ; 182          ;
;                                             ;              ;
; Total registers                             ; 17464        ;
;     -- Dedicated logic registers            ; 17464        ;
;     -- I/O registers                        ; 0            ;
;                                             ;              ;
; I/O pins                                    ; 34           ;
;                                             ;              ;
; Embedded Multiplier 9-bit elements          ; 0            ;
;                                             ;              ;
; Maximum fan-out node                        ; VGA_CLK~reg0 ;
; Maximum fan-out                             ; 17465        ;
; Total fan-out                               ; 115623       ;
; Average fan-out                             ; 3.43         ;
+---------------------------------------------+--------------+


+------------------------------------------------------------------------------------------------------------------------------------------------------------------------------------------------------------------------+
; Analysis & Synthesis Resource Utilization by Entity                                                                                                                                                                    ;
+----------------------------+---------------------+---------------------------+-------------+--------------+---------+-----------+------+--------------+-----------------------------------+-------------+--------------+
; Compilation Hierarchy Node ; Combinational ALUTs ; Dedicated Logic Registers ; Memory Bits ; DSP Elements ; DSP 9x9 ; DSP 18x18 ; Pins ; Virtual Pins ; Full Hierarchy Name               ; Entity Name ; Library Name ;
+----------------------------+---------------------+---------------------------+-------------+--------------+---------+-----------+------+--------------+-----------------------------------+-------------+--------------+
; |top                       ; 16135 (1)           ; 17464 (1)                 ; 0           ; 0            ; 0       ; 0         ; 34   ; 0            ; |top                              ; top         ; work         ;
;    |RISCV:CPU_RISCV|       ; 2443 (1008)         ; 1056 (32)                 ; 0           ; 0            ; 0       ; 0         ; 0    ; 0            ; |top|RISCV:CPU_RISCV              ; RISCV       ; work         ;
;       |regfile:regs|       ; 1435 (1435)         ; 1024 (1024)               ; 0           ; 0            ; 0       ; 0         ; 0    ; 0            ; |top|RISCV:CPU_RISCV|regfile:regs ; regfile     ; work         ;
;    |dmem:dmem|             ; 13518 (13518)       ; 16384 (16384)             ; 0           ; 0            ; 0       ; 0         ; 0    ; 0            ; |top|dmem:dmem                    ; dmem        ; work         ;
;    |imem:imem|             ; 102 (102)           ; 0 (0)                     ; 0           ; 0            ; 0       ; 0         ; 0    ; 0            ; |top|imem:imem                    ; imem        ; work         ;
;    |vga:video|             ; 71 (71)             ; 23 (23)                   ; 0           ; 0            ; 0       ; 0         ; 0    ; 0            ; |top|vga:video                    ; vga         ; work         ;
+----------------------------+---------------------+---------------------------+-------------+--------------+---------+-----------+------+--------------+-----------------------------------+-------------+--------------+
Note: For table entries with two numbers listed, the numbers in parentheses indicate the number of resources of the given type used by the specific entity alone. The numbers listed outside of parentheses indicate the total resources of the given type used by the specific entity and all of its sub-entities in the hierarchy.


+------------------------------------------------------+
; General Register Statistics                          ;
+----------------------------------------------+-------+
; Statistic                                    ; Value ;
+----------------------------------------------+-------+
; Total registers                              ; 17464 ;
; Number of registers using Synchronous Clear  ; 32    ;
; Number of registers using Synchronous Load   ; 0     ;
; Number of registers using Asynchronous Clear ; 0     ;
; Number of registers using Asynchronous Load  ; 0     ;
; Number of registers using Clock Enable       ; 17420 ;
; Number of registers using Preset             ; 0     ;
+----------------------------------------------+-------+


+----------------------------------------------------------------------------------------------------------------------------------------------+
; Multiplexer Restructuring Statistics (Restructuring Performed)                                                                               ;
+--------------------+-----------+---------------+----------------------+------------------------+------------+--------------------------------+
; Multiplexer Inputs ; Bus Width ; Baseline Area ; Area if Restructured ; Saving if Restructured ; Registered ; Example Multiplexer Output     ;
+--------------------+-----------+---------------+----------------------+------------------------+------------+--------------------------------+
; 6:1                ; 2 bits    ; 8 LEs         ; 4 LEs                ; 4 LEs                  ; Yes        ; |top|RISCV:CPU_RISCV|pc[1]     ;
; 6:1                ; 30 bits   ; 120 LEs       ; 60 LEs               ; 60 LEs                 ; Yes        ; |top|RISCV:CPU_RISCV|pc[17]    ;
; 3:1                ; 9 bits    ; 18 LEs        ; 18 LEs               ; 0 LEs                  ; No         ; |top|RISCV:CPU_RISCV|imm[20]   ;
; 3:1                ; 8 bits    ; 16 LEs        ; 16 LEs               ; 0 LEs                  ; No         ; |top|RISCV:CPU_RISCV|imm[18]   ;
; 5:1                ; 6 bits    ; 18 LEs        ; 18 LEs               ; 0 LEs                  ; No         ; |top|vga:video|VGA_B[7]        ;
; 4:1                ; 4 bits    ; 8 LEs         ; 4 LEs                ; 4 LEs                  ; No         ; |top|RISCV:CPU_RISCV|imm[7]    ;
; 5:1                ; 4 bits    ; 12 LEs        ; 8 LEs                ; 4 LEs                  ; No         ; |top|RISCV:CPU_RISCV|imm[1]    ;
; 17:1               ; 3 bits    ; 33 LEs        ; 27 LEs               ; 6 LEs                  ; No         ; |top|RISCV:CPU_RISCV|result[9] ;
; 18:1               ; 5 bits    ; 60 LEs        ; 50 LEs               ; 10 LEs                 ; No         ; |top|RISCV:CPU_RISCV|comb      ;
; 18:1               ; 4 bits    ; 48 LEs        ; 40 LEs               ; 8 LEs                  ; No         ; |top|RISCV:CPU_RISCV|result[4] ;
; 18:1               ; 8 bits    ; 96 LEs        ; 80 LEs               ; 16 LEs                 ; No         ; |top|RISCV:CPU_RISCV|comb      ;
; 19:1               ; 2 bits    ; 24 LEs        ; 20 LEs               ; 4 LEs                  ; No         ; |top|RISCV:CPU_RISCV|result[3] ;
; 19:1               ; 4 bits    ; 48 LEs        ; 40 LEs               ; 8 LEs                  ; No         ; |top|RISCV:CPU_RISCV|comb      ;
; 20:1               ; 2 bits    ; 26 LEs        ; 22 LEs               ; 4 LEs                  ; No         ; |top|RISCV:CPU_RISCV|comb      ;
; 21:1               ; 2 bits    ; 28 LEs        ; 24 LEs               ; 4 LEs                  ; No         ; |top|RISCV:CPU_RISCV|comb      ;
; 21:1               ; 2 bits    ; 28 LEs        ; 24 LEs               ; 4 LEs                  ; No         ; |top|RISCV:CPU_RISCV|comb      ;
+--------------------+-----------+---------------+----------------------+------------------------+------------+--------------------------------+


+---------------------------------------------------------------------+
; Parameter Settings for User Entity Instance: Top-level Entity: |top ;
+----------------+-------+--------------------------------------------+
; Parameter Name ; Value ; Type                                       ;
+----------------+-------+--------------------------------------------+
; VGA_BITS       ; 8     ; Signed Integer                             ;
+----------------+-------+--------------------------------------------+
Note: In order to hide this table in the UI and the text report file, please set the "Show Parameter Settings in Synthesis Report" option in "Analysis and Synthesis Settings -> More Settings" to "Off".


+--------------------------------------------------------+
; Parameter Settings for User Entity Instance: vga:video ;
+----------------+-------+-------------------------------+
; Parameter Name ; Value ; Type                          ;
+----------------+-------+-------------------------------+
; VGA_BITS       ; 8     ; Signed Integer                ;
+----------------+-------+-------------------------------+
Note: In order to hide this table in the UI and the text report file, please set the "Show Parameter Settings in Synthesis Report" option in "Analysis and Synthesis Settings -> More Settings" to "Off".


+-----------------------------------------------------+
; Post-Synthesis Netlist Statistics for Top Partition ;
+-----------------------+-----------------------------+
; Type                  ; Count                       ;
+-----------------------+-----------------------------+
; boundary_port         ; 34                          ;
; cycloneiii_ff         ; 17464                       ;
;     ENA               ; 17418                       ;
;     ENA SCLR          ; 2                           ;
;     SCLR              ; 30                          ;
;     plain             ; 14                          ;
; cycloneiii_lcell_comb ; 16139                       ;
;     arith             ; 182                         ;
;         2 data inputs ; 52                          ;
;         3 data inputs ; 130                         ;
;     normal            ; 15957                       ;
;         0 data inputs ; 3                           ;
;         1 data inputs ; 59                          ;
;         2 data inputs ; 60                          ;
;         3 data inputs ; 811                         ;
;         4 data inputs ; 15024                       ;
;                       ;                             ;
; Max LUT depth         ; 29.00                       ;
; Average LUT depth     ; 15.96                       ;
+-----------------------+-----------------------------+


+-------------------------------+
; Elapsed Time Per Partition    ;
+----------------+--------------+
; Partition Name ; Elapsed Time ;
+----------------+--------------+
; Top            ; 00:00:51     ;
+----------------+--------------+


+-------------------------------+
; Analysis & Synthesis Messages ;
+-------------------------------+
Info: *******************************************************************
Info: Running Quartus Prime Analysis & Synthesis
    Info: Version 22.1std.2 Build 922 07/20/2023 SC Lite Edition
    Info: Processing started: Sun Oct 22 22:56:49 2023
Info: Command: quartus_map --read_settings_files=on --write_settings_files=off RISCV_GOL -c RISCV_GOL
Info (20030): Parallel compilation is enabled and will use 4 of the 4 processors detected
Info (12021): Found 2 design units, including 2 entities, in source file mem.v
    Info (12023): Found entity 1: dmem File: /home/martins/Documents/BUILD-RISC-V/RISCV_GOL/mem.v Line: 2
    Info (12023): Found entity 2: imem File: /home/martins/Documents/BUILD-RISC-V/RISCV_GOL/mem.v Line: 24
Info (12021): Found 2 design units, including 2 entities, in source file CPU_RISCV.sv
    Info (12023): Found entity 1: RISCV File: /home/martins/Documents/BUILD-RISC-V/RISCV_GOL/CPU_RISCV.sv Line: 2
    Info (12023): Found entity 2: regfile File: /home/martins/Documents/BUILD-RISC-V/RISCV_GOL/CPU_RISCV.sv Line: 194
Info (12021): Found 1 design units, including 1 entities, in source file vga.v
    Info (12023): Found entity 1: vga File: /home/martins/Documents/BUILD-RISC-V/RISCV_GOL/vga.v Line: 1
Info (12021): Found 1 design units, including 1 entities, in source file top.sv
    Info (12023): Found entity 1: top File: /home/martins/Documents/BUILD-RISC-V/RISCV_GOL/top.sv Line: 2
Info (12127): Elaborating entity "top" for the top level hierarchy
Info (12128): Elaborating entity "RISCV" for hierarchy "RISCV:CPU_RISCV" File: /home/martins/Documents/BUILD-RISC-V/RISCV_GOL/top.sv Line: 14
Info (12128): Elaborating entity "regfile" for hierarchy "RISCV:CPU_RISCV|regfile:regs" File: /home/martins/Documents/BUILD-RISC-V/RISCV_GOL/CPU_RISCV.sv Line: 189
Info (12128): Elaborating entity "imem" for hierarchy "imem:imem" File: /home/martins/Documents/BUILD-RISC-V/RISCV_GOL/top.sv Line: 17
Warning (10850): Verilog HDL warning at mem.v(31): number of words (38) in memory file does not match the number of elements in the address range [0:64] File: /home/martins/Documents/BUILD-RISC-V/RISCV_GOL/mem.v Line: 31
Warning (10030): Net "RAM.data_a" at mem.v(28) has no driver or initial value, using a default initial value '0' File: /home/martins/Documents/BUILD-RISC-V/RISCV_GOL/mem.v Line: 28
Warning (10030): Net "RAM.waddr_a" at mem.v(28) has no driver or initial value, using a default initial value '0' File: /home/martins/Documents/BUILD-RISC-V/RISCV_GOL/mem.v Line: 28
Warning (10030): Net "RAM.we_a" at mem.v(28) has no driver or initial value, using a default initial value '0' File: /home/martins/Documents/BUILD-RISC-V/RISCV_GOL/mem.v Line: 28
Info (12128): Elaborating entity "dmem" for hierarchy "dmem:dmem" File: /home/martins/Documents/BUILD-RISC-V/RISCV_GOL/top.sv Line: 18
Warning (10850): Verilog HDL warning at mem.v(13): number of words (4) in memory file does not match the number of elements in the address range [0:511] File: /home/martins/Documents/BUILD-RISC-V/RISCV_GOL/mem.v Line: 13
Info (12128): Elaborating entity "vga" for hierarchy "vga:video" File: /home/martins/Documents/BUILD-RISC-V/RISCV_GOL/top.sv Line: 24
Warning (10230): Verilog HDL assignment warning at vga.v(32): truncated value with size 10 to match size of target (5) File: /home/martins/Documents/BUILD-RISC-V/RISCV_GOL/vga.v Line: 32
Warning (10230): Verilog HDL assignment warning at vga.v(33): truncated value with size 10 to match size of target (4) File: /home/martins/Documents/BUILD-RISC-V/RISCV_GOL/vga.v Line: 33
Info (276014): Found 2 instances of uninferred RAM logic
    Info (276007): RAM logic "dmem:dmem|RAM" is uninferred due to asynchronous read logic File: /home/martins/Documents/BUILD-RISC-V/RISCV_GOL/mem.v Line: 10
    Info (276007): RAM logic "RISCV:CPU_RISCV|regfile:regs|rf" is uninferred due to asynchronous read logic File: /home/martins/Documents/BUILD-RISC-V/RISCV_GOL/CPU_RISCV.sv Line: 200
Critical Warning (127005): Memory depth (128) in the design file differs from memory depth (65) in the Memory Initialization File "/home/martins/Documents/BUILD-RISC-V/RISCV_GOL/db/RISCV_GOL.ram0_imem_37c714.hdl.mif" -- setting initial value for remaining addresses to 0
Warning (127007): Memory Initialization File or Hexadecimal (Intel-Format) File "/home/martins/Documents/BUILD-RISC-V/RISCV_GOL/db/RISCV_GOL.ram0_imem_37c714.hdl.mif" contains "don't care" values -- overwriting them with 0s
Warning (127007): Memory Initialization File or Hexadecimal (Intel-Format) File "/home/martins/Documents/BUILD-RISC-V/RISCV_GOL/db/RISCV_GOL.ram0_dmem_351e6b.hdl.mif" contains "don't care" values -- overwriting them with 0s
Warning (13024): Output pins are stuck at VCC or GND
    Warning (13410): Pin "VGA_R[0]" is stuck at GND File: /home/martins/Documents/BUILD-RISC-V/RISCV_GOL/top.sv Line: 5
    Warning (13410): Pin "VGA_R[1]" is stuck at GND File: /home/martins/Documents/BUILD-RISC-V/RISCV_GOL/top.sv Line: 5
    Warning (13410): Pin "VGA_R[2]" is stuck at GND File: /home/martins/Documents/BUILD-RISC-V/RISCV_GOL/top.sv Line: 5
    Warning (13410): Pin "VGA_R[3]" is stuck at GND File: /home/martins/Documents/BUILD-RISC-V/RISCV_GOL/top.sv Line: 5
    Warning (13410): Pin "VGA_R[4]" is stuck at GND File: /home/martins/Documents/BUILD-RISC-V/RISCV_GOL/top.sv Line: 5
    Warning (13410): Pin "VGA_R[5]" is stuck at GND File: /home/martins/Documents/BUILD-RISC-V/RISCV_GOL/top.sv Line: 5
    Warning (13410): Pin "VGA_G[0]" is stuck at GND File: /home/martins/Documents/BUILD-RISC-V/RISCV_GOL/top.sv Line: 5
    Warning (13410): Pin "VGA_G[1]" is stuck at GND File: /home/martins/Documents/BUILD-RISC-V/RISCV_GOL/top.sv Line: 5
    Warning (13410): Pin "VGA_G[2]" is stuck at GND File: /home/martins/Documents/BUILD-RISC-V/RISCV_GOL/top.sv Line: 5
    Warning (13410): Pin "VGA_G[3]" is stuck at GND File: /home/martins/Documents/BUILD-RISC-V/RISCV_GOL/top.sv Line: 5
    Warning (13410): Pin "VGA_G[4]" is stuck at GND File: /home/martins/Documents/BUILD-RISC-V/RISCV_GOL/top.sv Line: 5
    Warning (13410): Pin "VGA_G[5]" is stuck at GND File: /home/martins/Documents/BUILD-RISC-V/RISCV_GOL/top.sv Line: 5
    Warning (13410): Pin "VGA_B[0]" is stuck at GND File: /home/martins/Documents/BUILD-RISC-V/RISCV_GOL/top.sv Line: 5
    Warning (13410): Pin "VGA_B[1]" is stuck at GND File: /home/martins/Documents/BUILD-RISC-V/RISCV_GOL/top.sv Line: 5
    Warning (13410): Pin "VGA_B[2]" is stuck at GND File: /home/martins/Documents/BUILD-RISC-V/RISCV_GOL/top.sv Line: 5
    Warning (13410): Pin "VGA_B[3]" is stuck at GND File: /home/martins/Documents/BUILD-RISC-V/RISCV_GOL/top.sv Line: 5
    Warning (13410): Pin "VGA_B[4]" is stuck at GND File: /home/martins/Documents/BUILD-RISC-V/RISCV_GOL/top.sv Line: 5
    Warning (13410): Pin "VGA_B[5]" is stuck at GND File: /home/martins/Documents/BUILD-RISC-V/RISCV_GOL/top.sv Line: 5
    Warning (13410): Pin "VGA_BLANK_N" is stuck at VCC File: /home/martins/Documents/BUILD-RISC-V/RISCV_GOL/top.sv Line: 7
    Warning (13410): Pin "VGA_SYNC_N" is stuck at GND File: /home/martins/Documents/BUILD-RISC-V/RISCV_GOL/top.sv Line: 7
Info (286030): Timing-Driven Synthesis is running
Info (144001): Generated suppressed messages file /home/martins/Documents/BUILD-RISC-V/RISCV_GOL/output_files/RISCV_GOL.map.smsg
Info (16010): Generating hard_block partition "hard_block:auto_generated_inst"
    Info (16011): Adding 0 node(s), including 0 DDIO, 0 PLL, 0 transceiver and 0 LCELL
Warning (21074): Design contains 3 input pin(s) that do not drive logic
    Warning (15610): No output dependent on input pin "SW[1]" File: /home/martins/Documents/BUILD-RISC-V/RISCV_GOL/top.sv Line: 4
    Warning (15610): No output dependent on input pin "SW[2]" File: /home/martins/Documents/BUILD-RISC-V/RISCV_GOL/top.sv Line: 4
    Warning (15610): No output dependent on input pin "SW[3]" File: /home/martins/Documents/BUILD-RISC-V/RISCV_GOL/top.sv Line: 4
Info (21057): Implemented 33525 device resources after synthesis - the final resource count might be different
    Info (21058): Implemented 5 input pins
    Info (21059): Implemented 29 output pins
    Info (21061): Implemented 33491 logic cells
Info: Quartus Prime Analysis & Synthesis was successful. 0 errors, 35 warnings
    Info: Peak virtual memory: 592 megabytes
    Info: Processing ended: Sun Oct 22 22:57:49 2023
    Info: Elapsed time: 00:01:00
    Info: Total CPU time (on all processors): 00:01:06


+------------------------------------------+
; Analysis & Synthesis Suppressed Messages ;
+------------------------------------------+
The suppressed messages can be found in /home/martins/Documents/BUILD-RISC-V/RISCV_GOL/output_files/RISCV_GOL.map.smsg.


